2026-03-15 22:33:05,378 - __main__ - INFO - ==================================================
2026-03-15 22:33:05,378 - __main__ - INFO - Starting Healthcare Risk Prediction Pipeline
2026-03-15 22:33:05,379 - __main__ - INFO - ==================================================
2026-03-15 22:33:05,379 - __main__ - INFO - Loading data from dataset/health_lifestyle_dataset.csv
2026-03-15 22:33:05,482 - __main__ - INFO - Fixing column formatting...
2026-03-15 22:33:05,754 - __main__ - INFO - Dataset shape: (100000, 16)
2026-03-15 22:33:05,755 - __main__ - INFO - Columns: ['id', 'age', 'gender', 'bmi', 'daily_steps', 'sleep_hours', 'water_intake_l', 'calories_consumed', 'smoker', 'alcohol', 'resting_hr', 'systolic_bp', 'diastolic_bp', 'cholesterol', 'family_history', 'disease_risk']
2026-03-15 22:33:05,758 - __main__ - INFO - Data types:
id                   str
age                  str
gender               str
bmi                  str
daily_steps          str
sleep_hours          str
water_intake_l       str
calories_consumed    str
smoker               str
alcohol              str
resting_hr           str
systolic_bp          str
diastolic_bp         str
cholesterol          str
family_history       str
disease_risk         str
dtype: object
2026-03-15 22:33:05,857 - __main__ - INFO - Missing values:
id                   0
age                  0
gender               0
bmi                  0
daily_steps          0
sleep_hours          0
water_intake_l       0
calories_consumed    0
smoker               0
alcohol              0
resting_hr           0
systolic_bp          0
diastolic_bp         0
cholesterol          0
family_history       0
disease_risk         0
dtype: int64
2026-03-15 22:33:05,870 - __main__ - INFO - Target distribution:
disease_risk
0    75179
1    24821
Name: count, dtype: int64
2026-03-15 22:33:05,871 - __main__ - INFO - Starting data cleaning...
2026-03-15 22:33:06,657 - __main__ - INFO - Handling missing values...
2026-03-15 22:33:06,659 - __main__ - INFO - Handling outliers...
2026-03-15 22:33:06,706 - __main__ - INFO - Found 20094 outliers in smoker
2026-03-15 22:33:06,745 - __main__ - INFO - Creating derived features...
2026-03-15 22:33:06,762 - __main__ - INFO - Encoding categorical variables...
2026-03-15 22:33:06,857 - __main__ - INFO - Data cleaning completed. Final shape: (100000, 19)
2026-03-15 22:33:06,857 - __main__ - INFO - Preparing features and target...
2026-03-15 22:33:06,858 - __main__ - INFO - Features shape: (100000, 18)
2026-03-15 22:33:06,870 - __main__ - INFO - Target distribution:
disease_risk
0    75179
1    24821
Name: count, dtype: int64
2026-03-15 22:33:06,978 - __main__ - INFO - Handling class imbalance using smote...
2026-03-15 22:33:10,421 - __main__ - INFO - Resampled data shape: (120286, 18)
2026-03-15 22:33:10,435 - __main__ - INFO - New target distribution:
disease_risk
0    60143
1    60143
Name: count, dtype: int64
2026-03-15 22:33:10,435 - __main__ - INFO - Performing feature selection using rfecv...
2026-03-15 22:55:23,374 - __main__ - INFO - RFECV selected 14 features
2026-03-15 22:55:23,376 - __main__ - INFO - Selected features: ['age', 'bmi', 'daily_steps', 'sleep_hours', 'water_intake_l', 'calories_consumed', 'resting_hr', 'systolic_bp', 'diastolic_bp', 'cholesterol', 'health_score', 'bmi_category_encoded', 'bp_category_encoded', 'age_group_encoded']
2026-03-15 22:55:23,377 - __main__ - INFO - Scaling features using robust...
2026-03-15 22:55:23,556 - __main__ - INFO - Starting model training...
2026-03-15 22:55:23,556 - __main__ - INFO - Initializing model: xgboost
2026-03-15 22:55:23,589 - __main__ - ERROR - Pipeline failed: Invalid classes inferred from unique values of `y`.  Expected: [0 1], got ['0' '1']
Traceback (most recent call last):
  File "C:\Users\RAVI\Desktop\smart-healthcare-system\backend\model_train.py", line 634, in run_pipeline
    model = self.train(X_train_final, y_train_final, X_val, y_val)
  File "C:\Users\RAVI\Desktop\smart-healthcare-system\backend\model_train.py", line 402, in train
    self.model.fit(X_train, y_train)
    ~~~~~~~~~~~~~~^^^^^^^^^^^^^^^^^^
  File "c:\Users\RAVI\Desktop\smart-healthcare-system\.venv\Lib\site-packages\xgboost\core.py", line 751, in inner_f
    return func(**kwargs)
  File "c:\Users\RAVI\Desktop\smart-healthcare-system\.venv\Lib\site-packages\xgboost\sklearn.py", line 1761, in fit
    raise ValueError(
    ...<2 lines>...
    )
ValueError: Invalid classes inferred from unique values of `y`.  Expected: [0 1], got ['0' '1']
2026-03-16 12:43:48,030 - __main__ - INFO - ==================================================
2026-03-16 12:43:48,031 - __main__ - INFO - Starting Healthcare Risk Prediction Pipeline
2026-03-16 12:43:48,031 - __main__ - INFO - ==================================================
2026-03-16 12:43:48,031 - __main__ - INFO - Loading data from backend/dataset/health_lifestyle_dataset.csv
2026-03-16 12:43:48,033 - __main__ - ERROR - Pipeline failed: [Errno 2] No such file or directory: 'backend/dataset/health_lifestyle_dataset.csv'
Traceback (most recent call last):
  File "c:\Users\RAVI\Desktop\smart-healthcare-system\backend\model_train.py", line 591, in run_pipeline
    df = self.load_and_explore_data(data_path)
  File "c:\Users\RAVI\Desktop\smart-healthcare-system\backend\model_train.py", line 102, in load_and_explore_data
    df = pd.read_csv(filepath)
  File "C:\Users\RAVI\AppData\Local\Programs\Python\Python313\Lib\site-packages\pandas\io\parsers\readers.py", line 873, in read_csv
    return _read(filepath_or_buffer, kwds)
  File "C:\Users\RAVI\AppData\Local\Programs\Python\Python313\Lib\site-packages\pandas\io\parsers\readers.py", line 300, in _read
    parser = TextFileReader(filepath_or_buffer, **kwds)
  File "C:\Users\RAVI\AppData\Local\Programs\Python\Python313\Lib\site-packages\pandas\io\parsers\readers.py", line 1645, in __init__
    self._engine = self._make_engine(f, self.engine)
                   ~~~~~~~~~~~~~~~~~^^^^^^^^^^^^^^^^
  File "C:\Users\RAVI\AppData\Local\Programs\Python\Python313\Lib\site-packages\pandas\io\parsers\readers.py", line 1904, in _make_engine
    self.handles = get_handle(
                   ~~~~~~~~~~^
        f,
        ^^
    ...<6 lines>...
        storage_options=self.options.get("storage_options", None),
        ^^^^^^^^^^^^^^^^^^^^^^^^^^^^^^^^^^^^^^^^^^^^^^^^^^^^^^^^^^
    )
    ^
  File "C:\Users\RAVI\AppData\Local\Programs\Python\Python313\Lib\site-packages\pandas\io\common.py", line 926, in get_handle
    handle = open(
        handle,
    ...<3 lines>...
        newline="",
    )
FileNotFoundError: [Errno 2] No such file or directory: 'backend/dataset/health_lifestyle_dataset.csv'
2026-03-16 12:44:05,949 - __main__ - INFO - ==================================================
2026-03-16 12:44:05,949 - __main__ - INFO - Starting Healthcare Risk Prediction Pipeline
2026-03-16 12:44:05,949 - __main__ - INFO - ==================================================
2026-03-16 12:44:05,950 - __main__ - INFO - Loading data from backend/dataset/health_lifestyle_dataset.csv
2026-03-16 12:44:05,951 - __main__ - ERROR - Pipeline failed: [Errno 2] No such file or directory: 'backend/dataset/health_lifestyle_dataset.csv'
Traceback (most recent call last):
  File "c:\Users\RAVI\Desktop\smart-healthcare-system\backend\model_train.py", line 591, in run_pipeline
    df = self.load_and_explore_data(data_path)
  File "c:\Users\RAVI\Desktop\smart-healthcare-system\backend\model_train.py", line 102, in load_and_explore_data
    df = pd.read_csv(filepath)
  File "C:\Users\RAVI\AppData\Local\Programs\Python\Python313\Lib\site-packages\pandas\io\parsers\readers.py", line 873, in read_csv
    return _read(filepath_or_buffer, kwds)
  File "C:\Users\RAVI\AppData\Local\Programs\Python\Python313\Lib\site-packages\pandas\io\parsers\readers.py", line 300, in _read
    parser = TextFileReader(filepath_or_buffer, **kwds)
  File "C:\Users\RAVI\AppData\Local\Programs\Python\Python313\Lib\site-packages\pandas\io\parsers\readers.py", line 1645, in __init__
    self._engine = self._make_engine(f, self.engine)
                   ~~~~~~~~~~~~~~~~~^^^^^^^^^^^^^^^^
  File "C:\Users\RAVI\AppData\Local\Programs\Python\Python313\Lib\site-packages\pandas\io\parsers\readers.py", line 1904, in _make_engine
    self.handles = get_handle(
                   ~~~~~~~~~~^
        f,
        ^^
    ...<6 lines>...
        storage_options=self.options.get("storage_options", None),
        ^^^^^^^^^^^^^^^^^^^^^^^^^^^^^^^^^^^^^^^^^^^^^^^^^^^^^^^^^^
    )
    ^
  File "C:\Users\RAVI\AppData\Local\Programs\Python\Python313\Lib\site-packages\pandas\io\common.py", line 926, in get_handle
    handle = open(
        handle,
    ...<3 lines>...
        newline="",
    )
FileNotFoundError: [Errno 2] No such file or directory: 'backend/dataset/health_lifestyle_dataset.csv'
2026-03-16 12:44:26,136 - __main__ - INFO - ==================================================
2026-03-16 12:44:26,137 - __main__ - INFO - Starting Healthcare Risk Prediction Pipeline
2026-03-16 12:44:26,137 - __main__ - INFO - ==================================================
2026-03-16 12:44:26,138 - __main__ - INFO - Loading data from dataset/health_lifestyle_dataset.csv
2026-03-16 12:44:26,304 - __main__ - INFO - Fixing column formatting...
2026-03-16 12:44:26,763 - __main__ - INFO - Dataset shape: (100000, 16)
2026-03-16 12:44:26,764 - __main__ - INFO - Columns: ['id', 'age', 'gender', 'bmi', 'daily_steps', 'sleep_hours', 'water_intake_l', 'calories_consumed', 'smoker', 'alcohol', 'resting_hr', 'systolic_bp', 'diastolic_bp', 'cholesterol', 'family_history', 'disease_risk']
2026-03-16 12:44:26,768 - __main__ - INFO - Data types:
id                   str
age                  str
gender               str
bmi                  str
daily_steps          str
sleep_hours          str
water_intake_l       str
calories_consumed    str
smoker               str
alcohol              str
resting_hr           str
systolic_bp          str
diastolic_bp         str
cholesterol          str
family_history       str
disease_risk         str
dtype: object
2026-03-16 12:44:26,779 - __main__ - INFO - Missing values:
id                   0
age                  0
gender               0
bmi                  0
daily_steps          0
sleep_hours          0
water_intake_l       0
calories_consumed    0
smoker               0
alcohol              0
resting_hr           0
systolic_bp          0
diastolic_bp         0
cholesterol          0
family_history       0
disease_risk         0
dtype: int64
2026-03-16 12:44:26,796 - __main__ - INFO - Target distribution:
disease_risk
0    75179
1    24821
Name: count, dtype: int64
2026-03-16 12:44:26,797 - __main__ - INFO - Starting data cleaning...
2026-03-16 12:44:27,468 - __main__ - INFO - Handling missing values...
2026-03-16 12:44:27,470 - __main__ - INFO - Handling outliers...
2026-03-16 12:44:27,526 - __main__ - INFO - Found 20094 outliers in smoker
2026-03-16 12:44:27,565 - __main__ - INFO - Creating derived features...
2026-03-16 12:44:27,590 - __main__ - INFO - Encoding categorical variables...
2026-03-16 12:44:27,739 - __main__ - INFO - Data cleaning completed. Final shape: (100000, 19)
2026-03-16 12:44:27,740 - __main__ - INFO - Preparing features and target...
2026-03-16 12:44:27,742 - __main__ - INFO - Features shape: (100000, 18)
2026-03-16 12:44:27,746 - __main__ - INFO - Target distribution:
disease_risk
0    75179
1    24821
Name: count, dtype: int64
2026-03-16 12:44:27,854 - __main__ - INFO - Handling class imbalance using smote...
2026-03-16 12:44:30,991 - __main__ - INFO - Resampled data shape: (120286, 18)
2026-03-16 12:44:30,996 - __main__ - INFO - New target distribution:
disease_risk
0    60143
1    60143
Name: count, dtype: int64
2026-03-16 12:44:30,997 - __main__ - INFO - Performing feature selection using rfecv...
